[29-Apr-2018 21:35:45 Asia/Shanghai] PHP Fatal error:  Cannot declare class App\Api\User because the name is already in use in /home/wwwroot/plana/apis/src/app/Api/User.php on line 12
[29-Apr-2018 21:36:13 Asia/Shanghai] PHP Fatal error:  Uncaught Error: Class 'App\Domain\UserDom' not found in /home/wwwroot/plana/apis/src/app/Api/User.php:15
Stack trace:
#0 [internal function]: App\Api\User->list()
#1 /home/wwwroot/plana/apis/vendor/phalapi/kernal/src/PhalApi.php(49): call_user_func(Array)
#2 /home/wwwroot/plana/apis/public/index.php(9): PhalApi\PhalApi->response()
#3 {main}
  thrown in /home/wwwroot/plana/apis/src/app/Api/User.php on line 15
[29-Apr-2018 21:36:31 Asia/Shanghai] PHP Deprecated:  Non-static method App\Domain\User::getList() should not be called statically in /home/wwwroot/plana/apis/src/app/Api/User.php on line 15
[29-Apr-2018 21:36:31 Asia/Shanghai] PHP Fatal error:  Uncaught Error: Class 'App\Domain\ModelCURD' not found in /home/wwwroot/plana/apis/src/app/Domain/User.php:11
Stack trace:
#0 /home/wwwroot/plana/apis/src/app/Api/User.php(15): App\Domain\User::getList('1', '1')
#1 [internal function]: App\Api\User->list()
#2 /home/wwwroot/plana/apis/vendor/phalapi/kernal/src/PhalApi.php(49): call_user_func(Array)
#3 /home/wwwroot/plana/apis/public/index.php(9): PhalApi\PhalApi->response()
#4 {main}
  thrown in /home/wwwroot/plana/apis/src/app/Domain/User.php on line 11
[29-Apr-2018 21:38:56 Asia/Shanghai] PHP Fatal error:  Uncaught Error: Class 'App\Domain\ModelCURD' not found in /home/wwwroot/plana/apis/src/app/Domain/User.php:11
Stack trace:
#0 /home/wwwroot/plana/apis/src/app/Api/User.php(18): App\Domain\User->getList('1', '1')
#1 [internal function]: App\Api\User->list()
#2 /home/wwwroot/plana/apis/vendor/phalapi/kernal/src/PhalApi.php(49): call_user_func(Array)
#3 /home/wwwroot/plana/apis/public/index.php(9): PhalApi\PhalApi->response()
#4 {main}
  thrown in /home/wwwroot/plana/apis/src/app/Domain/User.php on line 11
[29-Apr-2018 21:39:21 Asia/Shanghai] PHP Fatal error:  Uncaught Error: Call to undefined method App\Model\User::getListItems() in /home/wwwroot/plana/apis/src/app/Domain/User.php:12
Stack trace:
#0 /home/wwwroot/plana/apis/src/app/Api/User.php(18): App\Domain\User->getList('1', '1')
#1 [internal function]: App\Api\User->list()
#2 /home/wwwroot/plana/apis/vendor/phalapi/kernal/src/PhalApi.php(49): call_user_func(Array)
#3 /home/wwwroot/plana/apis/public/index.php(9): PhalApi\PhalApi->response()
#4 {main}
  thrown in /home/wwwroot/plana/apis/src/app/Domain/User.php on line 12
[29-Apr-2018 21:39:45 Asia/Shanghai] PHP Warning:  Missing argument 3 for App\Model\User::getUserItems(), called in /home/wwwroot/plana/apis/src/app/Domain/User.php on line 12 and defined in /home/wwwroot/plana/apis/src/app/Model/User.php on line 13
[29-Apr-2018 21:39:45 Asia/Shanghai] PHP Notice:  Undefined variable: perpage in /home/wwwroot/plana/apis/src/app/Model/User.php on line 17
[29-Apr-2018 21:39:45 Asia/Shanghai] PHP Notice:  Undefined variable: perpage in /home/wwwroot/plana/apis/src/app/Model/User.php on line 17
[29-Apr-2018 21:39:45 Asia/Shanghai] PHP Fatal error:  Uncaught Error: Call to undefined method App\Model\User::getListTotal() in /home/wwwroot/plana/apis/src/app/Domain/User.php:13
Stack trace:
#0 /home/wwwroot/plana/apis/src/app/Api/User.php(18): App\Domain\User->getList('1', '1')
#1 [internal function]: App\Api\User->list()
#2 /home/wwwroot/plana/apis/vendor/phalapi/kernal/src/PhalApi.php(49): call_user_func(Array)
#3 /home/wwwroot/plana/apis/public/index.php(9): PhalApi\PhalApi->response()
#4 {main}
  thrown in /home/wwwroot/plana/apis/src/app/Domain/User.php on line 13
[29-Apr-2018 21:40:02 Asia/Shanghai] PHP Fatal error:  Uncaught Error: Call to undefined method App\Model\User::getListTotal() in /home/wwwroot/plana/apis/src/app/Domain/User.php:13
Stack trace:
#0 /home/wwwroot/plana/apis/src/app/Api/User.php(18): App\Domain\User->getList('1', '1')
#1 [internal function]: App\Api\User->list()
#2 /home/wwwroot/plana/apis/vendor/phalapi/kernal/src/PhalApi.php(49): call_user_func(Array)
#3 /home/wwwroot/plana/apis/public/index.php(9): PhalApi\PhalApi->response()
#4 {main}
  thrown in /home/wwwroot/plana/apis/src/app/Domain/User.php on line 13
[29-Apr-2018 22:45:28 Asia/Shanghai] PHP Warning:  Missing argument 1 for App\Api\User::list() in /home/wwwroot/plana/apis/src/app/Api/User.php on line 22
[29-Apr-2018 22:45:28 Asia/Shanghai] PHP Notice:  Undefined variable: page in /home/wwwroot/plana/apis/src/app/Api/User.php on line 25
[29-Apr-2018 22:45:41 Asia/Shanghai] PHP Warning:  Missing argument 1 for App\Api\User::list() in /home/wwwroot/plana/apis/src/app/Api/User.php on line 22
[29-Apr-2018 22:45:41 Asia/Shanghai] PHP Notice:  Undefined variable: page in /home/wwwroot/plana/apis/src/app/Api/User.php on line 25
[29-Apr-2018 22:45:48 Asia/Shanghai] PHP Notice:  Undefined variable: page in /home/wwwroot/plana/apis/src/app/Api/User.php on line 25
[29-Apr-2018 22:54:18 Asia/Shanghai] PHP Fatal error:  Uncaught Error: Call to undefined function App\Api\DI() in /home/wwwroot/plana/apis/src/app/Api/User.php:18
Stack trace:
#0 /home/wwwroot/plana/apis/vendor/phalapi/kernal/src/Api.php(123): App\Api\User->getRules()
#1 /home/wwwroot/plana/apis/vendor/phalapi/kernal/src/Api.php(101): PhalApi\Api->getApiRules()
#2 /home/wwwroot/plana/apis/vendor/phalapi/kernal/src/Api.php(86): PhalApi\Api->createMemberValue()
#3 /home/wwwroot/plana/apis/vendor/phalapi/kernal/src/ApiFactory.php(78): PhalApi\Api->init()
#4 /home/wwwroot/plana/apis/vendor/phalapi/kernal/src/PhalApi.php(47): PhalApi\ApiFactory::generateService()
#5 /home/wwwroot/plana/apis/public/index.php(9): PhalApi\PhalApi->response()
#6 {main}
  thrown in /home/wwwroot/plana/apis/src/app/Api/User.php on line 18
[29-Apr-2018 22:54:59 Asia/Shanghai] PHP Fatal error:  Uncaught Error: Call to undefined function App\Api\DI() in /home/wwwroot/plana/apis/src/app/Api/User.php:19
Stack trace:
#0 /home/wwwroot/plana/apis/vendor/phalapi/kernal/src/Api.php(123): App\Api\User->getRules()
#1 /home/wwwroot/plana/apis/vendor/phalapi/kernal/src/Api.php(101): PhalApi\Api->getApiRules()
#2 /home/wwwroot/plana/apis/vendor/phalapi/kernal/src/Api.php(86): PhalApi\Api->createMemberValue()
#3 /home/wwwroot/plana/apis/vendor/phalapi/kernal/src/ApiFactory.php(78): PhalApi\Api->init()
#4 /home/wwwroot/plana/apis/vendor/phalapi/kernal/src/PhalApi.php(47): PhalApi\ApiFactory::generateService()
#5 /home/wwwroot/plana/apis/public/index.php(9): PhalApi\PhalApi->response()
#6 {main}
  thrown in /home/wwwroot/plana/apis/src/app/Api/User.php on line 19
[29-Apr-2018 22:58:17 Asia/Shanghai] PHP Fatal error:  Uncaught Error: Call to undefined function App\Api\DI() in /home/wwwroot/plana/apis/src/app/Api/User.php:19
Stack trace:
#0 /home/wwwroot/plana/apis/vendor/phalapi/kernal/src/Api.php(123): App\Api\User->getRules()
#1 /home/wwwroot/plana/apis/vendor/phalapi/kernal/src/Api.php(101): PhalApi\Api->getApiRules()
#2 /home/wwwroot/plana/apis/vendor/phalapi/kernal/src/Api.php(86): PhalApi\Api->createMemberValue()
#3 /home/wwwroot/plana/apis/vendor/phalapi/kernal/src/ApiFactory.php(78): PhalApi\Api->init()
#4 /home/wwwroot/plana/apis/vendor/phalapi/kernal/src/PhalApi.php(47): PhalApi\ApiFactory::generateService()
#5 /home/wwwroot/plana/apis/public/index.php(9): PhalApi\PhalApi->response()
#6 {main}
  thrown in /home/wwwroot/plana/apis/src/app/Api/User.php on line 19
[29-Apr-2018 22:58:38 Asia/Shanghai] PHP Fatal error:  Uncaught Error: Call to undefined function App\Api\DI() in /home/wwwroot/plana/apis/src/app/Api/User.php:19
Stack trace:
#0 /home/wwwroot/plana/apis/vendor/phalapi/kernal/src/Api.php(123): App\Api\User->getRules()
#1 /home/wwwroot/plana/apis/vendor/phalapi/kernal/src/Api.php(101): PhalApi\Api->getApiRules()
#2 /home/wwwroot/plana/apis/vendor/phalapi/kernal/src/Api.php(86): PhalApi\Api->createMemberValue()
#3 /home/wwwroot/plana/apis/vendor/phalapi/kernal/src/ApiFactory.php(78): PhalApi\Api->init()
#4 /home/wwwroot/plana/apis/vendor/phalapi/kernal/src/PhalApi.php(47): PhalApi\ApiFactory::generateService()
#5 /home/wwwroot/plana/apis/public/index.php(9): PhalApi\PhalApi->response()
#6 {main}
  thrown in /home/wwwroot/plana/apis/src/app/Api/User.php on line 19
[29-Apr-2018 22:58:52 Asia/Shanghai] PHP Parse error:  syntax error, unexpected '->' (T_OBJECT_OPERATOR), expecting ')' in /home/wwwroot/plana/apis/src/app/Api/User.php on line 19
[29-Apr-2018 22:59:02 Asia/Shanghai] PHP Fatal error:  Uncaught Error: Class 'DI' not found in /home/wwwroot/plana/apis/src/app/Api/User.php:19
Stack trace:
#0 /home/wwwroot/plana/apis/vendor/phalapi/kernal/src/Api.php(123): App\Api\User->getRules()
#1 /home/wwwroot/plana/apis/vendor/phalapi/kernal/src/Api.php(101): PhalApi\Api->getApiRules()
#2 /home/wwwroot/plana/apis/vendor/phalapi/kernal/src/Api.php(86): PhalApi\Api->createMemberValue()
#3 /home/wwwroot/plana/apis/vendor/phalapi/kernal/src/ApiFactory.php(78): PhalApi\Api->init()
#4 /home/wwwroot/plana/apis/vendor/phalapi/kernal/src/PhalApi.php(47): PhalApi\ApiFactory::generateService()
#5 /home/wwwroot/plana/apis/public/index.php(9): PhalApi\PhalApi->response()
#6 {main}
  thrown in /home/wwwroot/plana/apis/src/app/Api/User.php on line 19
[30-Apr-2018 09:46:58 Asia/Shanghai] PHP Fatal error:  Uncaught Error: Class 'App\Api\BadRequestException' not found in /home/wwwroot/plana/apis/src/app/Api/User.php:40
Stack trace:
#0 [internal function]: App\Api\User->info()
#1 /home/wwwroot/plana/apis/vendor/phalapi/kernal/src/PhalApi.php(49): call_user_func(Array)
#2 /home/wwwroot/plana/apis/public/index.php(9): PhalApi\PhalApi->response()
#3 {main}
  thrown in /home/wwwroot/plana/apis/src/app/Api/User.php on line 40
[30-Apr-2018 09:47:18 Asia/Shanghai] PHP Fatal error:  Uncaught Error: Class 'App\Api\BadRequestException' not found in /home/wwwroot/plana/apis/src/app/Api/User.php:40
Stack trace:
#0 [internal function]: App\Api\User->info()
#1 /home/wwwroot/plana/apis/vendor/phalapi/kernal/src/PhalApi.php(49): call_user_func(Array)
#2 /home/wwwroot/plana/apis/public/index.php(9): PhalApi\PhalApi->response()
#3 {main}
  thrown in /home/wwwroot/plana/apis/src/app/Api/User.php on line 40
[30-Apr-2018 09:55:47 Asia/Shanghai] PHP Fatal error:  Uncaught Error: Array callback has to contain indices 0 and 1 in /home/wwwroot/plana/apis/src/app/Api/User.php:38
Stack trace:
#0 [internal function]: App\Api\User->info()
#1 /home/wwwroot/plana/apis/vendor/phalapi/kernal/src/PhalApi.php(49): call_user_func(Array)
#2 /home/wwwroot/plana/apis/public/index.php(9): PhalApi\PhalApi->response()
#3 {main}
  thrown in /home/wwwroot/plana/apis/src/app/Api/User.php on line 38
[30-Apr-2018 09:56:14 Asia/Shanghai] PHP Notice:  Undefined variable: _Request in /home/wwwroot/plana/apis/src/app/Api/User.php on line 39
[30-Apr-2018 09:56:26 Asia/Shanghai] PHP Notice:  Undefined variable: _Request in /home/wwwroot/plana/apis/src/app/Api/User.php on line 39
[30-Apr-2018 09:56:26 Asia/Shanghai] PHP Fatal error:  Uncaught Error: Function name must be a string in /home/wwwroot/plana/apis/src/app/Api/User.php:39
Stack trace:
#0 [internal function]: App\Api\User->info()
#1 /home/wwwroot/plana/apis/vendor/phalapi/kernal/src/PhalApi.php(49): call_user_func(Array)
#2 /home/wwwroot/plana/apis/public/index.php(9): PhalApi\PhalApi->response()
#3 {main}
  thrown in /home/wwwroot/plana/apis/src/app/Api/User.php on line 39
[30-Apr-2018 20:28:43 Asia/Shanghai] PHP Fatal error:  Uncaught Error: Call to undefined function App\Api\random() in /home/wwwroot/plana/apis/src/app/Api/User.php:31
Stack trace:
#0 /home/wwwroot/plana/apis/vendor/phalapi/kernal/src/Api.php(123): App\Api\User->getRules()
#1 /home/wwwroot/plana/apis/vendor/phalapi/kernal/src/Api.php(101): PhalApi\Api->getApiRules()
#2 /home/wwwroot/plana/apis/vendor/phalapi/kernal/src/Api.php(86): PhalApi\Api->createMemberValue()
#3 /home/wwwroot/plana/apis/vendor/phalapi/kernal/src/ApiFactory.php(78): PhalApi\Api->init()
#4 /home/wwwroot/plana/apis/vendor/phalapi/kernal/src/PhalApi.php(47): PhalApi\ApiFactory::generateService()
#5 /home/wwwroot/plana/apis/public/index.php(9): PhalApi\PhalApi->response()
#6 {main}
  thrown in /home/wwwroot/plana/apis/src/app/Api/User.php on line 31
[30-Apr-2018 20:30:44 Asia/Shanghai] PHP Fatal error:  Uncaught Error: Call to undefined function App\Domain\now() in /home/wwwroot/plana/apis/src/app/Domain/User.php:34
Stack trace:
#0 /home/wwwroot/plana/apis/src/app/Api/User.php(75): App\Domain\User->insert(Array)
#1 [internal function]: App\Api\User->regist()
#2 /home/wwwroot/plana/apis/vendor/phalapi/kernal/src/PhalApi.php(49): call_user_func(Array)
#3 /home/wwwroot/plana/apis/public/index.php(9): PhalApi\PhalApi->response()
#4 {main}
  thrown in /home/wwwroot/plana/apis/src/app/Domain/User.php on line 34
[30-Apr-2018 20:33:31 Asia/Shanghai] PHP Warning:  strtotime() expects at least 1 parameter, 0 given in /home/wwwroot/plana/apis/src/app/Domain/User.php on line 34
[30-Apr-2018 21:23:55 Asia/Shanghai] PHP Fatal error:  Uncaught Error: Call to undefined method App\Domain\User::update() in /home/wwwroot/plana/apis/src/app/Api/User.php:105
Stack trace:
#0 [internal function]: App\Api\User->update()
#1 /home/wwwroot/plana/apis/vendor/phalapi/kernal/src/PhalApi.php(49): call_user_func(Array)
#2 /home/wwwroot/plana/apis/public/index.php(9): PhalApi\PhalApi->response()
#3 {main}
  thrown in /home/wwwroot/plana/apis/src/app/Api/User.php on line 105
[30-Apr-2018 21:24:24 Asia/Shanghai] PHP Warning:  Missing argument 2 for PhalApi\Model\NotORMModel::update(), called in /home/wwwroot/plana/apis/src/app/Domain/User.php on line 73 and defined in /home/wwwroot/plana/apis/vendor/phalapi/kernal/src/Model/NotORMModel.php on line 47
[30-Apr-2018 21:24:24 Asia/Shanghai] PHP Fatal error:  Uncaught TypeError: Argument 1 passed to NotORM_Result::update() must be of the type array, null given, called in /home/wwwroot/plana/apis/vendor/phalapi/kernal/src/Model/NotORMModel.php on line 53 and defined in /home/wwwroot/plana/apis/vendor/phalapi/notorm/src/NotORM/Result.php:391
Stack trace:
#0 /home/wwwroot/plana/apis/vendor/phalapi/kernal/src/Model/NotORMModel.php(53): NotORM_Result->update(NULL)
#1 /home/wwwroot/plana/apis/src/app/Domain/User.php(73): PhalApi\Model\NotORMModel->update(Array)
#2 /home/wwwroot/plana/apis/src/app/Api/User.php(105): App\Domain\User->update(Array)
#3 [internal function]: App\Api\User->update()
#4 /home/wwwroot/plana/apis/vendor/phalapi/kernal/src/PhalApi.php(49): call_user_func(Array)
#5 /home/wwwroot/plana/apis/public/index.php(9): PhalApi\PhalApi->response()
#6 {main}
  thrown in /home/wwwroot/plana/apis/vendor/phalapi/notorm/src/NotORM/Result.php on line 391
[30-Apr-2018 21:25:34 Asia/Shanghai] PHP Notice:  Undefined index: user_id in /home/wwwroot/plana/apis/src/app/Domain/User.php on line 60
[30-Apr-2018 21:27:23 Asia/Shanghai] PHP Notice:  Undefined variable: user_id in /home/wwwroot/plana/apis/src/app/Api/User.php on line 105
[30-Apr-2018 21:51:54 Asia/Shanghai] PHP Notice:  Undefined index: password in /home/wwwroot/plana/apis/src/app/Domain/User.php on line 67
[30-Apr-2018 21:52:27 Asia/Shanghai] PHP Notice:  Undefined index: password in /home/wwwroot/plana/apis/src/app/Api/User.php on line 102
[30-Apr-2018 21:53:36 Asia/Shanghai] PHP Notice:  Undefined index: password in /home/wwwroot/plana/apis/src/app/Domain/User.php on line 67
[30-Apr-2018 21:58:47 Asia/Shanghai] PHP Notice:  Undefined index: password in /home/wwwroot/plana/apis/src/app/Domain/User.php on line 60
[30-Apr-2018 22:03:36 Asia/Shanghai] PHP Notice:  Undefined index: salt in /home/wwwroot/plana/apis/src/app/Domain/User.php on line 71
[01-May-2018 22:30:53 Asia/Shanghai] PHP Fatal error:  Uncaught Error: Class 'App\Domain\ModelUserRank' not found in /home/wwwroot/plana/apis/src/app/Domain/UserRank.php:11
Stack trace:
#0 /home/wwwroot/plana/apis/src/app/Api/UserRank.php(29): App\Domain\UserRank->getList(1, 10)
#1 [internal function]: App\Api\UserRank->list()
#2 /home/wwwroot/plana/apis/vendor/phalapi/kernal/src/PhalApi.php(49): call_user_func(Array)
#3 /home/wwwroot/plana/apis/public/index.php(9): PhalApi\PhalApi->response()
#4 {main}
  thrown in /home/wwwroot/plana/apis/src/app/Domain/UserRank.php on line 11
[01-May-2018 22:31:10 Asia/Shanghai] PHP Fatal error:  Uncaught Error: Call to undefined method App\Model\UserRank::getUserItems() in /home/wwwroot/plana/apis/src/app/Domain/UserRank.php:12
Stack trace:
#0 /home/wwwroot/plana/apis/src/app/Api/UserRank.php(29): App\Domain\UserRank->getList(1, 10)
#1 [internal function]: App\Api\UserRank->list()
#2 /home/wwwroot/plana/apis/vendor/phalapi/kernal/src/PhalApi.php(49): call_user_func(Array)
#3 /home/wwwroot/plana/apis/public/index.php(9): PhalApi\PhalApi->response()
#4 {main}
  thrown in /home/wwwroot/plana/apis/src/app/Domain/UserRank.php on line 12
[02-May-2018 02:02:29 Asia/Shanghai] PHP Fatal error:  Uncaught Error: Class 'App\Domain\Brank' not found in /home/wwwroot/plana/apis/src/app/Api/Brand.php:48
Stack trace:
#0 [internal function]: App\Api\Brand->list()
#1 /home/wwwroot/plana/apis/vendor/phalapi/kernal/src/PhalApi.php(49): call_user_func(Array)
#2 /home/wwwroot/plana/apis/public/index.php(9): PhalApi\PhalApi->response()
#3 {main}
  thrown in /home/wwwroot/plana/apis/src/app/Api/Brand.php on line 48
[02-May-2018 02:05:25 Asia/Shanghai] PHP Fatal error:  Uncaught Error: Call to undefined method App\Model\Brand::getUserInfo() in /home/wwwroot/plana/apis/src/app/Domain/Brand.php:32
Stack trace:
#0 /home/wwwroot/plana/apis/src/app/Api/Brand.php(67): App\Domain\Brand->getInfo(Array)
#1 [internal function]: App\Api\Brand->info()
#2 /home/wwwroot/plana/apis/vendor/phalapi/kernal/src/PhalApi.php(49): call_user_func(Array)
#3 /home/wwwroot/plana/apis/public/index.php(9): PhalApi\PhalApi->response()
#4 {main}
  thrown in /home/wwwroot/plana/apis/src/app/Domain/Brand.php on line 32
[02-May-2018 02:34:13 Asia/Shanghai] PHP Notice:  Undefined variable: user in /home/wwwroot/plana/apis/src/app/Api/Brand.php on line 110
[02-May-2018 02:34:13 Asia/Shanghai] PHP Fatal error:  Uncaught Error: Call to a member function delete() on null in /home/wwwroot/plana/apis/src/app/Api/Brand.php:110
Stack trace:
#0 [internal function]: App\Api\Brand->delete()
#1 /home/wwwroot/plana/apis/vendor/phalapi/kernal/src/PhalApi.php(49): call_user_func(Array)
#2 /home/wwwroot/plana/apis/public/index.php(9): PhalApi\PhalApi->response()
#3 {main}
  thrown in /home/wwwroot/plana/apis/src/app/Api/Brand.php on line 110
